[33mWARNING[0m:  [06-04-2025 22:10:44] chroma_server_nofile is set to 65535, but this is less than current soft limit of 1048575. chroma_server_nofile will not be set.
[32mINFO[0m:     [06-04-2025 22:10:44] Anonymized telemetry enabled. See                     https://docs.trychroma.com/telemetry for more information.
[36mDEBUG[0m:    [06-04-2025 22:10:44] Starting component System
[36mDEBUG[0m:    [06-04-2025 22:10:44] Starting component OpenTelemetryClient
[36mDEBUG[0m:    [06-04-2025 22:10:44] Starting component SqliteDB
[36mDEBUG[0m:    [06-04-2025 22:10:44] Starting component QuotaEnforcer
[36mDEBUG[0m:    [06-04-2025 22:10:44] Starting component Posthog
[36mDEBUG[0m:    [06-04-2025 22:10:44] Starting component LocalSegmentManager
[36mDEBUG[0m:    [06-04-2025 22:10:44] Starting component SegmentAPI
[32mINFO[0m:     [06-04-2025 22:10:44] Started server process [[36m33632[0m]
[32mINFO[0m:     [06-04-2025 22:10:44] Waiting for application startup.
[32mINFO[0m:     [06-04-2025 22:10:44] Application startup complete.
[32mINFO[0m:     [06-04-2025 22:10:44] Uvicorn running on [1mhttp://localhost:8000[0m (Press CTRL+C to quit)
[32mINFO[0m:     [06-04-2025 22:13:11] Shutting down
[32mINFO[0m:     [06-04-2025 22:13:11] Waiting for application shutdown.
[36mDEBUG[0m:    [06-04-2025 22:13:11] Stopping component System
[36mDEBUG[0m:    [06-04-2025 22:13:11] Stopping component SegmentAPI
[36mDEBUG[0m:    [06-04-2025 22:13:11] Stopping component LocalSegmentManager
[36mDEBUG[0m:    [06-04-2025 22:13:11] Stopping component Posthog
[36mDEBUG[0m:    [06-04-2025 22:13:11] Stopping component QuotaEnforcer
[36mDEBUG[0m:    [06-04-2025 22:13:11] Stopping component SqliteDB
[36mDEBUG[0m:    [06-04-2025 22:13:11] Stopping component OpenTelemetryClient
[32mINFO[0m:     [06-04-2025 22:13:11] Application shutdown complete.
[32mINFO[0m:     [06-04-2025 22:13:11] Finished server process [[36m33632[0m]
[33mWARNING[0m:  [06-04-2025 22:14:08] chroma_server_nofile is set to 65535, but this is less than current soft limit of 1048575. chroma_server_nofile will not be set.
[32mINFO[0m:     [06-04-2025 22:14:08] Anonymized telemetry enabled. See                     https://docs.trychroma.com/telemetry for more information.
[36mDEBUG[0m:    [06-04-2025 22:14:08] Starting component System
[36mDEBUG[0m:    [06-04-2025 22:14:08] Starting component OpenTelemetryClient
[36mDEBUG[0m:    [06-04-2025 22:14:08] Starting component SqliteDB
[36mDEBUG[0m:    [06-04-2025 22:14:08] Starting component QuotaEnforcer
[36mDEBUG[0m:    [06-04-2025 22:14:08] Starting component Posthog
[36mDEBUG[0m:    [06-04-2025 22:14:08] Starting component LocalSegmentManager
[36mDEBUG[0m:    [06-04-2025 22:14:08] Starting component SegmentAPI
[32mINFO[0m:     [06-04-2025 22:14:08] Started server process [[36m33738[0m]
[32mINFO[0m:     [06-04-2025 22:14:08] Waiting for application startup.
[32mINFO[0m:     [06-04-2025 22:14:08] Application startup complete.
[32mINFO[0m:     [06-04-2025 22:14:08] Uvicorn running on [1mhttp://localhost:8000[0m (Press CTRL+C to quit)
[32mINFO[0m:     [06-04-2025 22:14:42] ::1:57421 - "GET / HTTP/1.1" 404
[32mINFO[0m:     [06-04-2025 22:14:42] ::1:57421 - "GET /favicon.ico HTTP/1.1" 404
[33mWARNING[0m:  [06-04-2025 22:36:43] chroma_server_nofile is set to 65535, but this is less than current soft limit of 1048575. chroma_server_nofile will not be set.
[32mINFO[0m:     [06-04-2025 22:36:43] Anonymized telemetry enabled. See                     https://docs.trychroma.com/telemetry for more information.
[36mDEBUG[0m:    [06-04-2025 22:36:43] Starting component System
[36mDEBUG[0m:    [06-04-2025 22:36:43] Starting component OpenTelemetryClient
[36mDEBUG[0m:    [06-04-2025 22:36:43] Starting component SqliteDB
[36mDEBUG[0m:    [06-04-2025 22:36:43] Starting component SimpleQuotaEnforcer
[36mDEBUG[0m:    [06-04-2025 22:36:43] Starting component Posthog
[36mDEBUG[0m:    [06-04-2025 22:36:43] Starting component SimpleRateLimitEnforcer
[36mDEBUG[0m:    [06-04-2025 22:36:43] Starting component LocalSegmentManager
[36mDEBUG[0m:    [06-04-2025 22:36:43] Starting component LocalExecutor
[36mDEBUG[0m:    [06-04-2025 22:36:43] Starting component SegmentAPI
[36mDEBUG[0m:    [06-04-2025 22:36:43] Starting component SimpleAsyncRateLimitEnforcer
[32mINFO[0m:     [06-04-2025 22:36:43] Started server process [[36m34531[0m]
[32mINFO[0m:     [06-04-2025 22:36:43] Waiting for application startup.
[32mINFO[0m:     [06-04-2025 22:36:43] Application startup complete.
[32mINFO[0m:     [06-04-2025 22:36:43] Uvicorn running on [1mhttp://localhost:8000[0m (Press CTRL+C to quit)
[32mINFO[0m:     [06-04-2025 23:26:09] Shutting down
[32mINFO[0m:     [06-04-2025 23:26:09] Waiting for application shutdown.
[36mDEBUG[0m:    [06-04-2025 23:26:09] Stopping component System
[36mDEBUG[0m:    [06-04-2025 23:26:09] Stopping component SegmentAPI
[36mDEBUG[0m:    [06-04-2025 23:26:09] Stopping component LocalExecutor
[36mDEBUG[0m:    [06-04-2025 23:26:09] Stopping component LocalSegmentManager
[36mDEBUG[0m:    [06-04-2025 23:26:09] Stopping component SimpleAsyncRateLimitEnforcer
[36mDEBUG[0m:    [06-04-2025 23:26:09] Stopping component SimpleRateLimitEnforcer
[36mDEBUG[0m:    [06-04-2025 23:26:09] Stopping component Posthog
[36mDEBUG[0m:    [06-04-2025 23:26:09] Stopping component SimpleQuotaEnforcer
[36mDEBUG[0m:    [06-04-2025 23:26:09] Stopping component SqliteDB
[36mDEBUG[0m:    [06-04-2025 23:26:09] Stopping component OpenTelemetryClient
[32mINFO[0m:     [06-04-2025 23:26:09] Application shutdown complete.
[32mINFO[0m:     [06-04-2025 23:26:09] Finished server process [[36m34531[0m]
[33mWARNING[0m:  [06-04-2025 23:28:04] chroma_server_nofile is set to 65535, but this is less than current soft limit of 1048575. chroma_server_nofile will not be set.
[32mINFO[0m:     [06-04-2025 23:28:04] Anonymized telemetry enabled. See                     https://docs.trychroma.com/telemetry for more information.
[36mDEBUG[0m:    [06-04-2025 23:28:04] Starting component System
[36mDEBUG[0m:    [06-04-2025 23:28:04] Starting component OpenTelemetryClient
[36mDEBUG[0m:    [06-04-2025 23:28:04] Starting component SqliteDB
[36mDEBUG[0m:    [06-04-2025 23:28:04] Starting component SimpleQuotaEnforcer
[36mDEBUG[0m:    [06-04-2025 23:28:04] Starting component Posthog
[36mDEBUG[0m:    [06-04-2025 23:28:04] Starting component SimpleRateLimitEnforcer
[36mDEBUG[0m:    [06-04-2025 23:28:04] Starting component LocalSegmentManager
[36mDEBUG[0m:    [06-04-2025 23:28:04] Starting component LocalExecutor
[36mDEBUG[0m:    [06-04-2025 23:28:04] Starting component SegmentAPI
[36mDEBUG[0m:    [06-04-2025 23:28:04] Starting component SimpleAsyncRateLimitEnforcer
[32mINFO[0m:     [06-04-2025 23:28:04] Started server process [[36m37580[0m]
[32mINFO[0m:     [06-04-2025 23:28:04] Waiting for application startup.
[32mINFO[0m:     [06-04-2025 23:28:04] Application startup complete.
[32mINFO[0m:     [06-04-2025 23:28:04] Uvicorn running on [1mhttp://localhost:8000[0m (Press CTRL+C to quit)
[32mINFO[0m:     [06-04-2025 23:29:31] ::1:58222 - "GET / HTTP/1.1" 404
[32mINFO[0m:     [06-04-2025 23:31:14] Shutting down
[32mINFO[0m:     [06-04-2025 23:31:14] Waiting for application shutdown.
[36mDEBUG[0m:    [06-04-2025 23:31:14] Stopping component System
[36mDEBUG[0m:    [06-04-2025 23:31:14] Stopping component SegmentAPI
[36mDEBUG[0m:    [06-04-2025 23:31:14] Stopping component LocalExecutor
[36mDEBUG[0m:    [06-04-2025 23:31:14] Stopping component LocalSegmentManager
[36mDEBUG[0m:    [06-04-2025 23:31:14] Stopping component SimpleAsyncRateLimitEnforcer
[36mDEBUG[0m:    [06-04-2025 23:31:14] Stopping component SimpleRateLimitEnforcer
[36mDEBUG[0m:    [06-04-2025 23:31:14] Stopping component Posthog
[36mDEBUG[0m:    [06-04-2025 23:31:14] Stopping component SimpleQuotaEnforcer
[36mDEBUG[0m:    [06-04-2025 23:31:14] Stopping component SqliteDB
[36mDEBUG[0m:    [06-04-2025 23:31:14] Stopping component OpenTelemetryClient
[32mINFO[0m:     [06-04-2025 23:31:14] Application shutdown complete.
[32mINFO[0m:     [06-04-2025 23:31:14] Finished server process [[36m37580[0m]
[33mWARNING[0m:  [07-04-2025 16:02:39] chroma_server_nofile is set to 65535, but this is less than current soft limit of 1048575. chroma_server_nofile will not be set.
[32mINFO[0m:     [07-04-2025 16:02:39] Anonymized telemetry enabled. See                     https://docs.trychroma.com/telemetry for more information.
[36mDEBUG[0m:    [07-04-2025 16:02:39] Starting component System
[36mDEBUG[0m:    [07-04-2025 16:02:39] Starting component OpenTelemetryClient
[36mDEBUG[0m:    [07-04-2025 16:02:39] Starting component SqliteDB
[36mDEBUG[0m:    [07-04-2025 16:02:39] Starting component SimpleQuotaEnforcer
[36mDEBUG[0m:    [07-04-2025 16:02:39] Starting component Posthog
[36mDEBUG[0m:    [07-04-2025 16:02:39] Starting component SimpleRateLimitEnforcer
[36mDEBUG[0m:    [07-04-2025 16:02:39] Starting component LocalSegmentManager
[36mDEBUG[0m:    [07-04-2025 16:02:39] Starting component LocalExecutor
[36mDEBUG[0m:    [07-04-2025 16:02:39] Starting component SegmentAPI
[36mDEBUG[0m:    [07-04-2025 16:02:39] Starting component SimpleAsyncRateLimitEnforcer
[32mINFO[0m:     [07-04-2025 16:02:39] Started server process [[36m46535[0m]
[32mINFO[0m:     [07-04-2025 16:02:39] Waiting for application startup.
[32mINFO[0m:     [07-04-2025 16:02:39] Application startup complete.
[32mINFO[0m:     [07-04-2025 16:02:39] Uvicorn running on [1mhttp://localhost:8000[0m (Press CTRL+C to quit)
[33mWARNING[0m:  [07-04-2025 16:04:15] chroma_server_nofile is set to 65535, but this is less than current soft limit of 1048575. chroma_server_nofile will not be set.
[32mINFO[0m:     [07-04-2025 16:04:16] Anonymized telemetry enabled. See                     https://docs.trychroma.com/telemetry for more information.
[36mDEBUG[0m:    [07-04-2025 16:04:16] Starting component System
[36mDEBUG[0m:    [07-04-2025 16:04:16] Starting component OpenTelemetryClient
[36mDEBUG[0m:    [07-04-2025 16:04:16] Starting component SqliteDB
[36mDEBUG[0m:    [07-04-2025 16:04:16] Starting component SimpleQuotaEnforcer
[36mDEBUG[0m:    [07-04-2025 16:04:16] Starting component Posthog
[36mDEBUG[0m:    [07-04-2025 16:04:16] Starting component SimpleRateLimitEnforcer
[36mDEBUG[0m:    [07-04-2025 16:04:16] Starting component LocalSegmentManager
[36mDEBUG[0m:    [07-04-2025 16:04:16] Starting component LocalExecutor
[36mDEBUG[0m:    [07-04-2025 16:04:16] Starting component SegmentAPI
[36mDEBUG[0m:    [07-04-2025 16:04:16] Starting component SimpleAsyncRateLimitEnforcer
[32mINFO[0m:     [07-04-2025 16:04:16] Started server process [[36m46869[0m]
[32mINFO[0m:     [07-04-2025 16:04:16] Waiting for application startup.
[32mINFO[0m:     [07-04-2025 16:04:16] Application startup complete.
[32mINFO[0m:     [07-04-2025 16:04:16] Uvicorn running on [1mhttp://localhost:8000[0m (Press CTRL+C to quit)
[32mINFO[0m:     [07-04-2025 17:18:10] Shutting down
[32mINFO[0m:     [07-04-2025 17:18:10] Waiting for application shutdown.
[36mDEBUG[0m:    [07-04-2025 17:18:10] Stopping component System
[36mDEBUG[0m:    [07-04-2025 17:18:10] Stopping component SegmentAPI
[36mDEBUG[0m:    [07-04-2025 17:18:10] Stopping component LocalExecutor
[36mDEBUG[0m:    [07-04-2025 17:18:10] Stopping component LocalSegmentManager
[36mDEBUG[0m:    [07-04-2025 17:18:10] Stopping component SimpleAsyncRateLimitEnforcer
[36mDEBUG[0m:    [07-04-2025 17:18:10] Stopping component SimpleRateLimitEnforcer
[36mDEBUG[0m:    [07-04-2025 17:18:10] Stopping component Posthog
[36mDEBUG[0m:    [07-04-2025 17:18:10] Stopping component SimpleQuotaEnforcer
[36mDEBUG[0m:    [07-04-2025 17:18:10] Stopping component SqliteDB
[36mDEBUG[0m:    [07-04-2025 17:18:10] Stopping component OpenTelemetryClient
[32mINFO[0m:     [07-04-2025 17:18:10] Application shutdown complete.
[32mINFO[0m:     [07-04-2025 17:18:10] Finished server process [[36m46869[0m]
[33mWARNING[0m:  [07-04-2025 17:18:18] chroma_server_nofile is set to 65535, but this is less than current soft limit of 1048575. chroma_server_nofile will not be set.
[32mINFO[0m:     [07-04-2025 17:18:19] Anonymized telemetry enabled. See                     https://docs.trychroma.com/telemetry for more information.
[36mDEBUG[0m:    [07-04-2025 17:18:19] Starting component System
[36mDEBUG[0m:    [07-04-2025 17:18:19] Starting component OpenTelemetryClient
[36mDEBUG[0m:    [07-04-2025 17:18:19] Starting component SqliteDB
[36mDEBUG[0m:    [07-04-2025 17:18:19] Starting component SimpleQuotaEnforcer
[36mDEBUG[0m:    [07-04-2025 17:18:19] Starting component Posthog
[36mDEBUG[0m:    [07-04-2025 17:18:19] Starting component SimpleRateLimitEnforcer
[36mDEBUG[0m:    [07-04-2025 17:18:19] Starting component LocalSegmentManager
[36mDEBUG[0m:    [07-04-2025 17:18:19] Starting component LocalExecutor
[36mDEBUG[0m:    [07-04-2025 17:18:19] Starting component SegmentAPI
[36mDEBUG[0m:    [07-04-2025 17:18:19] Starting component SimpleAsyncRateLimitEnforcer
[32mINFO[0m:     [07-04-2025 17:18:19] Started server process [[36m51620[0m]
[32mINFO[0m:     [07-04-2025 17:18:19] Waiting for application startup.
[32mINFO[0m:     [07-04-2025 17:18:19] Application startup complete.
[32mINFO[0m:     [07-04-2025 17:18:19] Uvicorn running on [1mhttp://localhost:8000[0m (Press CTRL+C to quit)
[32mINFO[0m:     [07-04-2025 17:41:57] ::1:53026 - "GET / HTTP/1.1" 404
[32mINFO[0m:     [07-04-2025 19:06:40] ::1:54238 - "GET / HTTP/1.1" 404
